-------------------------------------------------------------------------------
Test set: com.sg.guessthenumber.models.data.GameDatabaseDaoTest
-------------------------------------------------------------------------------
Tests run: 7, Failures: 0, Errors: 1, Skipped: 0, Time elapsed: 9.918 s <<< FAILURE! - in com.sg.guessthenumber.models.data.GameDatabaseDaoTest
testAddGameGetGameByID(com.sg.guessthenumber.models.data.GameDatabaseDaoTest)  Time elapsed: 6.868 s  <<< ERROR!
org.springframework.dao.EmptyResultDataAccessException: Incorrect result size: expected 1, actual 0
	at com.sg.guessthenumber.models.data.GameDatabaseDaoTest.testAddGameGetGameByID(GameDatabaseDaoTest.java:62)

