-------------------------------------------------------------------------------
Test set: com.sg.guessthenumber.models.data.GameDatabaseDaoTest
-------------------------------------------------------------------------------
Tests run: 5, Failures: 0, Errors: 1, Skipped: 0, Time elapsed: 2.628 s <<< FAILURE! - in com.sg.guessthenumber.models.data.GameDatabaseDaoTest
testAddRoundGetRoundByGameID(com.sg.guessthenumber.models.data.GameDatabaseDaoTest)  Time elapsed: 0.501 s  <<< ERROR!
org.springframework.dao.DataIntegrityViolationException: PreparedStatementCallback; Cannot add or update a child row: a foreign key constraint fails (`guessthenumberdb`.`round`, CONSTRAINT `FK_RoundGame` FOREIGN KEY (`gameID`) REFERENCES `game` (`gameID`)); nested exception is java.sql.SQLIntegrityConstraintViolationException: Cannot add or update a child row: a foreign key constraint fails (`guessthenumberdb`.`round`, CONSTRAINT `FK_RoundGame` FOREIGN KEY (`gameID`) REFERENCES `game` (`gameID`))
	at com.sg.guessthenumber.models.data.GameDatabaseDaoTest.testAddRoundGetRoundByGameID(GameDatabaseDaoTest.java:137)
Caused by: java.sql.SQLIntegrityConstraintViolationException: Cannot add or update a child row: a foreign key constraint fails (`guessthenumberdb`.`round`, CONSTRAINT `FK_RoundGame` FOREIGN KEY (`gameID`) REFERENCES `game` (`gameID`))
	at com.sg.guessthenumber.models.data.GameDatabaseDaoTest.testAddRoundGetRoundByGameID(GameDatabaseDaoTest.java:137)

