<?xml version="1.0" encoding="UTF-8"?>
<testsuite xmlns:xsi="http://www.w3.org/2001/XMLSchema-instance" xsi:noNamespaceSchemaLocation="https://maven.apache.org/surefire/maven-surefire-plugin/xsd/surefire-test-report.xsd" name="com.sg.guessthenumber.models.data.GameDatabaseDaoTest" time="2.8" tests="6" errors="0" skipped="0" failures="0">
  <properties>
[...]
</properties>
  <testcase name="testAddRoundGetRoundByGameID" classname="com.sg.guessthenumber.models.data.GameDatabaseDaoTest" time="0.524"/>
  <testcase name="testGetAllGames" classname="com.sg.guessthenumber.models.data.GameDatabaseDaoTest" time="0.005"/>
  <testcase name="testUpdateGame" classname="com.sg.guessthenumber.models.data.GameDatabaseDaoTest" time="0.006"/>
  <testcase name="testGetAllRounds" classname="com.sg.guessthenumber.models.data.GameDatabaseDaoTest" time="0.004"/>
  <testcase name="testGetAllRoundsByGameID" classname="com.sg.guessthenumber.models.data.GameDatabaseDaoTest" time="0.003"/>
  <testcase name="testAddGameGetGameByID" classname="com.sg.guessthenumber.models.data.GameDatabaseDaoTest" time="0.004"/>
</testsuite>