<?xml version="1.0" encoding="UTF-8"?>
<testsuite xmlns:xsi="http://www.w3.org/2001/XMLSchema-instance" xsi:noNamespaceSchemaLocation="https://maven.apache.org/surefire/maven-surefire-plugin/xsd/surefire-test-report.xsd" name="com.sg.guessthenumber.models.data.GameDatabaseDaoTest" time="2.628" tests="5" errors="1" skipped="0" failures="0">
  <properties>
[...]
</properties>
  <testcase name="testAddRoundGetRoundByGameID" classname="com.sg.guessthenumber.models.data.GameDatabaseDaoTest" time="0.501">
    <error message="PreparedStatementCallback; Cannot add or update a child row: a foreign key constraint fails (`guessthenumberdb`.`round`, CONSTRAINT `FK_RoundGame` FOREIGN KEY (`gameID`) REFERENCES `game` (`gameID`)); nested exception is java.sql.SQLIntegrityConstraintViolationException: Cannot add or update a child row: a foreign key constraint fails (`guessthenumberdb`.`round`, CONSTRAINT `FK_RoundGame` FOREIGN KEY (`gameID`) REFERENCES `game` (`gameID`))" type="org.springframework.dao.DataIntegrityViolationException">org.springframework.dao.DataIntegrityViolationException: PreparedStatementCallback; Cannot add or update a child row: a foreign key constraint fails (`guessthenumberdb`.`round`, CONSTRAINT `FK_RoundGame` FOREIGN KEY (`gameID`) REFERENCES `game` (`gameID`)); nested exception is java.sql.SQLIntegrityConstraintViolationException: Cannot add or update a child row: a foreign key constraint fails (`guessthenumberdb`.`round`, CONSTRAINT `FK_RoundGame` FOREIGN KEY (`gameID`) REFERENCES `game` (`gameID`))
	at com.sg.guessthenumber.models.data.GameDatabaseDaoTest.testAddRoundGetRoundByGameID(GameDatabaseDaoTest.java:137)
Caused by: java.sql.SQLIntegrityConstraintViolationException: Cannot add or update a child row: a foreign key constraint fails (`guessthenumberdb`.`round`, CONSTRAINT `FK_RoundGame` FOREIGN KEY (`gameID`) REFERENCES `game` (`gameID`))
	at com.sg.guessthenumber.models.data.GameDatabaseDaoTest.testAddRoundGetRoundByGameID(GameDatabaseDaoTest.java:137)
</error>
    <system-out><![CDATA[08:40:10.760 [main] DEBUG org.springframework.test.context.junit4.SpringJUnit4ClassRunner - SpringJUnit4ClassRunner constructor called with [class com.sg.guessthenumber.models.data.GameDatabaseDaoTest]
08:40:10.763 [main] DEBUG org.springframework.test.context.BootstrapUtils - Instantiating CacheAwareContextLoaderDelegate from class [org.springframework.test.context.cache.DefaultCacheAwareContextLoaderDelegate]
08:40:10.768 [main] DEBUG org.springframework.test.context.BootstrapUtils - Instantiating BootstrapContext using constructor [public org.springframework.test.context.support.DefaultBootstrapContext(java.lang.Class,org.springframework.test.context.CacheAwareContextLoaderDelegate)]
08:40:10.779 [main] DEBUG org.springframework.test.context.BootstrapUtils - Instantiating TestContextBootstrapper for test class [com.sg.guessthenumber.models.data.GameDatabaseDaoTest] from class [org.springframework.boot.test.context.SpringBootTestContextBootstrapper]
08:40:10.787 [main] INFO org.springframework.boot.test.context.SpringBootTestContextBootstrapper - Neither @ContextConfiguration nor @ContextHierarchy found for test class [com.sg.guessthenumber.models.data.GameDatabaseDaoTest], using SpringBootContextLoader
08:40:10.790 [main] DEBUG org.springframework.test.context.support.AbstractContextLoader - Did not detect default resource location for test class [com.sg.guessthenumber.models.data.GameDatabaseDaoTest]: class path resource [com/sg/guessthenumber/models/data/GameDatabaseDaoTest-context.xml] does not exist
08:40:10.790 [main] DEBUG org.springframework.test.context.support.AbstractContextLoader - Did not detect default resource location for test class [com.sg.guessthenumber.models.data.GameDatabaseDaoTest]: class path resource [com/sg/guessthenumber/models/data/GameDatabaseDaoTestContext.groovy] does not exist
08:40:10.790 [main] INFO org.springframework.test.context.support.AbstractContextLoader - Could not detect default resource locations for test class [com.sg.guessthenumber.models.data.GameDatabaseDaoTest]: no resource found for suffixes {-context.xml, Context.groovy}.
08:40:10.822 [main] DEBUG org.springframework.test.context.support.ActiveProfilesUtils - Could not find an 'annotation declaring class' for annotation type [org.springframework.test.context.ActiveProfiles] and class [com.sg.guessthenumber.models.data.GameDatabaseDaoTest]
08:40:10.898 [main] DEBUG org.springframework.boot.test.context.SpringBootTestContextBootstrapper - @TestExecutionListeners is not present for class [com.sg.guessthenumber.models.data.GameDatabaseDaoTest]: using defaults.
08:40:10.898 [main] INFO org.springframework.boot.test.context.SpringBootTestContextBootstrapper - Loaded default TestExecutionListener class names from location [META-INF/spring.factories]: [org.springframework.boot.test.mock.mockito.MockitoTestExecutionListener, org.springframework.boot.test.mock.mockito.ResetMocksTestExecutionListener, org.springframework.boot.test.autoconfigure.restdocs.RestDocsTestExecutionListener, org.springframework.boot.test.autoconfigure.web.client.MockRestServiceServerResetTestExecutionListener, org.springframework.boot.test.autoconfigure.web.servlet.MockMvcPrintOnlyOnFailureTestExecutionListener, org.springframework.boot.test.autoconfigure.web.servlet.WebDriverTestExecutionListener, org.springframework.test.context.web.ServletTestExecutionListener, org.springframework.test.context.support.DirtiesContextBeforeModesTestExecutionListener, org.springframework.test.context.support.DependencyInjectionTestExecutionListener, org.springframework.test.context.support.DirtiesContextTestExecutionListener, org.springframework.test.context.transaction.TransactionalTestExecutionListener, org.springframework.test.context.jdbc.SqlScriptsTestExecutionListener]
08:40:10.908 [main] INFO org.springframework.boot.test.context.SpringBootTestContextBootstrapper - Using TestExecutionListeners: [org.springframework.test.context.web.ServletTestExecutionListener@2d9caaeb, org.springframework.test.context.support.DirtiesContextBeforeModesTestExecutionListener@42a15bdc, org.springframework.boot.test.mock.mockito.MockitoTestExecutionListener@44a59da3, org.springframework.boot.test.autoconfigure.SpringBootDependencyInjectionTestExecutionListener@27e47833, org.springframework.test.context.support.DirtiesContextTestExecutionListener@6f6745d6, org.springframework.test.context.transaction.TransactionalTestExecutionListener@27508c5d, org.springframework.test.context.jdbc.SqlScriptsTestExecutionListener@4f704591, org.springframework.boot.test.mock.mockito.ResetMocksTestExecutionListener@4b5189ac, org.springframework.boot.test.autoconfigure.restdocs.RestDocsTestExecutionListener@1e4d3ce5, org.springframework.boot.test.autoconfigure.web.client.MockRestServiceServerResetTestExecutionListener@3ddc6915, org.springframework.boot.test.autoconfigure.web.servlet.MockMvcPrintOnlyOnFailureTestExecutionListener@704deff2, org.springframework.boot.test.autoconfigure.web.servlet.WebDriverTestExecutionListener@379614be]
08:40:10.909 [main] DEBUG org.springframework.test.annotation.ProfileValueUtils - Retrieved @ProfileValueSourceConfiguration [null] for test class [com.sg.guessthenumber.models.data.GameDatabaseDaoTest]
08:40:10.909 [main] DEBUG org.springframework.test.annotation.ProfileValueUtils - Retrieved ProfileValueSource type [class org.springframework.test.annotation.SystemProfileValueSource] for class [com.sg.guessthenumber.models.data.GameDatabaseDaoTest]
08:40:10.910 [main] DEBUG org.springframework.test.annotation.ProfileValueUtils - Retrieved @ProfileValueSourceConfiguration [null] for test class [com.sg.guessthenumber.models.data.GameDatabaseDaoTest]
08:40:10.910 [main] DEBUG org.springframework.test.annotation.ProfileValueUtils - Retrieved ProfileValueSource type [class org.springframework.test.annotation.SystemProfileValueSource] for class [com.sg.guessthenumber.models.data.GameDatabaseDaoTest]
08:40:10.910 [main] DEBUG org.springframework.test.annotation.ProfileValueUtils - Retrieved @ProfileValueSourceConfiguration [null] for test class [com.sg.guessthenumber.models.data.GameDatabaseDaoTest]
08:40:10.910 [main] DEBUG org.springframework.test.annotation.ProfileValueUtils - Retrieved ProfileValueSource type [class org.springframework.test.annotation.SystemProfileValueSource] for class [com.sg.guessthenumber.models.data.GameDatabaseDaoTest]
08:40:10.913 [main] DEBUG org.springframework.test.context.support.AbstractDirtiesContextTestExecutionListener - Before test class: context [DefaultTestContext@61eaec38 testClass = GameDatabaseDaoTest, testInstance = [null], testMethod = [null], testException = [null], mergedContextConfiguration = [WebMergedContextConfiguration@125290e5 testClass = GameDatabaseDaoTest, locations = '{}', classes = '{class com.sg.guessthenumber.TestApplicationConfiguration, class com.sg.guessthenumber.TestApplicationConfiguration}', contextInitializerClasses = '[]', activeProfiles = '{}', propertySourceLocations = '{}', propertySourceProperties = '{org.springframework.boot.test.context.SpringBootTestContextBootstrapper=true}', contextCustomizers = set[org.springframework.boot.test.context.filter.ExcludeFilterContextCustomizer@6f46426d, org.springframework.boot.test.json.DuplicateJsonObjectContextCustomizerFactory$DuplicateJsonObjectContextCustomizer@10d307f1, org.springframework.boot.test.mock.mockito.MockitoContextCustomizer@0, org.springframework.boot.test.web.client.TestRestTemplateContextCustomizer@156b88f5, org.springframework.boot.test.autoconfigure.properties.PropertyMappingContextCustomizer@0, org.springframework.boot.test.autoconfigure.web.servlet.WebDriverContextCustomizerFactory$Customizer@614ca7df], resourceBasePath = 'src/main/webapp', contextLoader = 'org.springframework.boot.test.context.SpringBootContextLoader', parent = [null]], attributes = map['org.springframework.test.context.web.ServletTestExecutionListener.activateListener' -> true]], class annotated with @DirtiesContext [false] with mode [null].
08:40:10.913 [main] DEBUG org.springframework.test.annotation.ProfileValueUtils - Retrieved @ProfileValueSourceConfiguration [null] for test class [com.sg.guessthenumber.models.data.GameDatabaseDaoTest]
08:40:10.913 [main] DEBUG org.springframework.test.annotation.ProfileValueUtils - Retrieved ProfileValueSource type [class org.springframework.test.annotation.SystemProfileValueSource] for class [com.sg.guessthenumber.models.data.GameDatabaseDaoTest]
08:40:10.931 [main] DEBUG org.springframework.test.context.support.TestPropertySourceUtils - Adding inlined properties to environment: {spring.jmx.enabled=false, org.springframework.boot.test.context.SpringBootTestContextBootstrapper=true, server.port=-1}

  .   ____          _            __ _ _
 /\\ / ___'_ __ _ _(_)_ __  __ _ \ \ \ \
( ( )\___ | '_ | '_| | '_ \/ _` | \ \ \ \
 \\/  ___)| |_)| | | | | || (_| |  ) ) ) )
  '  |____| .__|_| |_|_| |_\__, | / / / /
 =========|_|==============|___/=/_/_/_/
 :: Spring Boot ::        (v2.1.0.RELEASE)

2022-09-14 08:40:11.179  INFO 34408 --- [           main] c.s.g.models.data.GameDatabaseDaoTest    : Starting GameDatabaseDaoTest on DESKTOP-PMBEC3N with PID 34408 (started by Teresa in C:\Users\Teresa\Desktop\GuessTheNumber - Milestone 7\GuessTheNumber)
2022-09-14 08:40:11.180  INFO 34408 --- [           main] c.s.g.models.data.GameDatabaseDaoTest    : The following profiles are active: database
2022-09-14 08:40:12.417  INFO 34408 --- [           main] o.s.s.concurrent.ThreadPoolTaskExecutor  : Initializing ExecutorService 'applicationTaskExecutor'
2022-09-14 08:40:12.716  INFO 34408 --- [           main] c.s.g.models.data.GameDatabaseDaoTest    : Started GameDatabaseDaoTest in 1.778 seconds (JVM running for 2.319)
2022-09-14 08:40:13.017  INFO 34408 --- [           main] com.zaxxer.hikari.HikariDataSource       : HikariPool-1 - Starting...
2022-09-14 08:40:13.135  INFO 34408 --- [           main] com.zaxxer.hikari.HikariDataSource       : HikariPool-1 - Start completed.
]]></system-out>
  </testcase>
  <testcase name="testGetAllGames" classname="com.sg.guessthenumber.models.data.GameDatabaseDaoTest" time="0.003"/>
  <testcase name="testUpdateGame" classname="com.sg.guessthenumber.models.data.GameDatabaseDaoTest" time="0.006"/>
  <testcase name="testAddGameGetGameByID" classname="com.sg.guessthenumber.models.data.GameDatabaseDaoTest" time="0.006"/>
  <testcase name="testGetAllRoundsByID" classname="com.sg.guessthenumber.models.data.GameDatabaseDaoTest" time="0.004"/>
</testsuite>